状态 18 冲突：1 项偏移/归约
状态 27 冲突：1 项偏移/归约
状态 48 冲突：1 项偏移/归约


语法

    0 $accept: Program $end

    1 Program: ExtDefList

    2 ExtDefList: ExtDef ExtDefList
    3           | %empty

    4 ExtDef: Specifier ExtDecList SEMI
    5       | Specifier SEMI
    6       | Specifier FunDec CompSt
    7       | Specifier ExtDecList error
    8       | Specifier error
    9       | error FunDec CompSt
   10       | Specifier error CompSt
   11       | Specifier FunDec error

   12 ExtDecList: VarDec
   13           | VarDec COMMA ExtDecList
   14           | error COMMA ExtDecList
   15           | VarDec COMMA error

   16 Specifier: TYPE
   17          | StructSpecifier

   18 StructSpecifier: STRUCT OptTag LC DefList RC
   19                | STRUCT Tag
   20                | STRUCT OptTag LC error RC
   21                | STRUCT error RC

   22 OptTag: ID
   23       | %empty

   24 Tag: ID

   25 VarDec: ID
   26       | VarDec LB INT RB
   27       | VarDec LB error RB
   28       | VarDec LB INT error

   29 FunDec: ID LP VarList RP
   30       | ID LP RP
   31       | ID LP error RP
   32       | ID LP VarList error
   33       | error RP

   34 VarList: ParamDec COMMA VarList
   35        | ParamDec
   36        | error COMMA VarList

   37 ParamDec: Specifier VarDec

   38 CompSt: LC DefList StmtList RC
   39       | error RC

   40 StmtList: Stmt StmtList
   41         | %empty

   42 Stmt: Exp SEMI
   43     | CompSt
   44     | RETURN Exp SEMI
   45     | IF LP Exp RP Stmt
   46     | IF LP Exp RP Stmt ELSE Stmt
   47     | WHILE LP Exp RP Stmt
   48     | error SEMI
   49     | Exp error SEMI
   50     | RETURN Exp error
   51     | RETURN error SEMI
   52     | IF error ELSE Stmt
   53     | WHILE error

   54 DefList: Def DefList
   55        | %empty

   56 Def: Specifier DecList SEMI
   57    | Specifier error SEMI
   58    | error DecList SEMI

   59 DecList: Dec
   60        | Dec COMMA DecList

   61 Dec: VarDec
   62    | VarDec ASSIGNOP Exp

   63 Exp: Exp ASSIGNOP Exp
   64    | Exp AND Exp
   65    | Exp OR Exp
   66    | Exp RELOP Exp
   67    | Exp PLUS Exp
   68    | Exp MINUS Exp
   69    | Exp STAR Exp
   70    | Exp DIV Exp
   71    | LP Exp RP
   72    | MINUS Exp
   73    | NOT Exp
   74    | ID LP Args RP
   75    | ID LP RP
   76    | Exp LB Exp RB
   77    | Exp DOT ID
   78    | ID
   79    | INT
   80    | FLOAT
   81    | Exp ASSIGNOP error
   82    | Exp AND error
   83    | Exp OR error
   84    | Exp RELOP error
   85    | Exp PLUS error
   86    | Exp MINUS error
   87    | Exp STAR error
   88    | Exp DIV error
   89    | LP error RP
   90    | MINUS error
   91    | NOT error
   92    | ID LP error RP
   93    | Exp LB error RB
   94    | Exp DOT error

   95 Args: Exp COMMA Args
   96     | Exp
   97     | error COMMA Args


终结语词，附有它们出现处的规则

    $end (0) 0
    error (256) 7 8 9 10 11 14 15 20 21 27 28 31 32 33 36 39 48 49 50 51 52 53 57 58 81 82 83 84 85 86 87 88 89 90 91 92 93 94 97
    INT <node> (258) 26 28 79
    FLOAT <node> (259) 80
    ID <node> (260) 22 24 25 29 30 31 32 74 75 77 78 92
    SEMI <node> (261) 4 5 42 44 48 49 51 56 57 58
    COMMA <node> (262) 13 14 15 34 36 60 95 97
    RELOP <node> (263) 66 84
    ASSIGNOP <node> (264) 62 63 81
    PLUS <node> (265) 67 85
    MINUS <node> (266) 68 72 86 90
    STAR <node> (267) 69 87
    DIV <node> (268) 70 88
    AND <node> (269) 64 82
    OR <node> (270) 65 83
    DOT <node> (271) 77 94
    NOT <node> (272) 73 91
    LP <node> (273) 29 30 31 32 45 46 47 71 74 75 89 92
    RP <node> (274) 29 30 31 33 45 46 47 71 74 75 89 92
    LB <node> (275) 26 27 28 76 93
    RB <node> (276) 26 27 76 93
    LC <node> (277) 18 20 38
    RC <node> (278) 18 20 21 38 39
    STRUCT <node> (279) 18 19 20 21
    RETURN <node> (280) 44 50 51
    IF <node> (281) 45 46 52
    ELSE <node> (282) 46 52
    WHILE <node> (283) 47 53
    TYPE <node> (284) 16
    UMINUS (285)
    LOWER_THAN_ELSE (286)


非终结语词，附有它们出现处的规则

    $accept (32)
        on left: 0
    Program <node> (33)
        on left: 1
        on right: 0
    ExtDefList <node> (34)
        on left: 2 3
        on right: 1 2
    ExtDef <node> (35)
        on left: 4 5 6 7 8 9 10 11
        on right: 2
    ExtDecList <node> (36)
        on left: 12 13 14 15
        on right: 4 7 13 14
    Specifier <node> (37)
        on left: 16 17
        on right: 4 5 6 7 8 10 11 37 56 57
    StructSpecifier <node> (38)
        on left: 18 19 20 21
        on right: 17
    OptTag <node> (39)
        on left: 22 23
        on right: 18 20
    Tag <node> (40)
        on left: 24
        on right: 19
    VarDec <node> (41)
        on left: 25 26 27 28
        on right: 12 13 15 26 27 28 37 61 62
    FunDec <node> (42)
        on left: 29 30 31 32 33
        on right: 6 9 11
    VarList <node> (43)
        on left: 34 35 36
        on right: 29 32 34 36
    ParamDec <node> (44)
        on left: 37
        on right: 34 35
    CompSt <node> (45)
        on left: 38 39
        on right: 6 9 10 43
    StmtList <node> (46)
        on left: 40 41
        on right: 38 40
    Stmt <node> (47)
        on left: 42 43 44 45 46 47 48 49 50 51 52 53
        on right: 40 45 46 47 52
    DefList <node> (48)
        on left: 54 55
        on right: 18 38 54
    Def <node> (49)
        on left: 56 57 58
        on right: 54
    DecList <node> (50)
        on left: 59 60
        on right: 56 58 60
    Dec <node> (51)
        on left: 61 62
        on right: 59 60
    Exp <node> (52)
        on left: 63 64 65 66 67 68 69 70 71 72 73 74 75 76 77 78 79 80 81 82 83 84 85 86 87 88 89 90 91 92 93 94
        on right: 42 44 45 46 47 49 50 62 63 64 65 66 67 68 69 70 71 72 73 76 77 81 82 83 84 85 86 87 88 93 94 95 96
    Args <node> (53)
        on left: 95 96 97
        on right: 74 95 97


状态 0

    0 $accept: . Program $end

    error   偏移，并进入状态 1
    STRUCT  偏移，并进入状态 2
    TYPE    偏移，并进入状态 3

    $end  使用规则 3 以归约 (ExtDefList)

    Program          转到状态 4
    ExtDefList       转到状态 5
    ExtDef           转到状态 6
    Specifier        转到状态 7
    StructSpecifier  转到状态 8


状态 1

    9 ExtDef: error . FunDec CompSt

    error  偏移，并进入状态 9
    ID     偏移，并进入状态 10

    FunDec  转到状态 11


状态 2

   18 StructSpecifier: STRUCT . OptTag LC DefList RC
   19                | STRUCT . Tag
   20                | STRUCT . OptTag LC error RC
   21                | STRUCT . error RC

    error  偏移，并进入状态 12
    ID     偏移，并进入状态 13

    LC  使用规则 23 以归约 (OptTag)

    OptTag  转到状态 14
    Tag     转到状态 15


状态 3

   16 Specifier: TYPE .

    $default  使用规则 16 以归约 (Specifier)


状态 4

    0 $accept: Program . $end

    $end  偏移，并进入状态 16


状态 5

    1 Program: ExtDefList .

    $default  使用规则 1 以归约 (Program)


状态 6

    2 ExtDefList: ExtDef . ExtDefList

    error   偏移，并进入状态 1
    STRUCT  偏移，并进入状态 2
    TYPE    偏移，并进入状态 3

    $end  使用规则 3 以归约 (ExtDefList)

    ExtDefList       转到状态 17
    ExtDef           转到状态 6
    Specifier        转到状态 7
    StructSpecifier  转到状态 8


状态 7

    4 ExtDef: Specifier . ExtDecList SEMI
    5       | Specifier . SEMI
    6       | Specifier . FunDec CompSt
    7       | Specifier . ExtDecList error
    8       | Specifier . error
   10       | Specifier . error CompSt
   11       | Specifier . FunDec error

    error  偏移，并进入状态 18
    ID     偏移，并进入状态 19
    SEMI   偏移，并进入状态 20

    ExtDecList  转到状态 21
    VarDec      转到状态 22
    FunDec      转到状态 23


状态 8

   17 Specifier: StructSpecifier .

    $default  使用规则 17 以归约 (Specifier)


状态 9

   33 FunDec: error . RP

    RP  偏移，并进入状态 24


状态 10

   29 FunDec: ID . LP VarList RP
   30       | ID . LP RP
   31       | ID . LP error RP
   32       | ID . LP VarList error

    LP  偏移，并进入状态 25


状态 11

    9 ExtDef: error FunDec . CompSt

    error  偏移，并进入状态 26
    LC     偏移，并进入状态 27

    CompSt  转到状态 28


状态 12

   21 StructSpecifier: STRUCT error . RC

    RC  偏移，并进入状态 29


状态 13

   22 OptTag: ID .
   24 Tag: ID .

    LC        使用规则 22 以归约 (OptTag)
    $default  使用规则 24 以归约 (Tag)


状态 14

   18 StructSpecifier: STRUCT OptTag . LC DefList RC
   20                | STRUCT OptTag . LC error RC

    LC  偏移，并进入状态 30


状态 15

   19 StructSpecifier: STRUCT Tag .

    $default  使用规则 19 以归约 (StructSpecifier)


状态 16

    0 $accept: Program $end .

    $default  接受


状态 17

    2 ExtDefList: ExtDef ExtDefList .

    $default  使用规则 2 以归约 (ExtDefList)


状态 18

    8 ExtDef: Specifier error .
   10       | Specifier error . CompSt
   14 ExtDecList: error . COMMA ExtDecList
   33 FunDec: error . RP

    error  偏移，并进入状态 26
    COMMA  偏移，并进入状态 31
    RP     偏移，并进入状态 24
    LC     偏移，并进入状态 27

    $end    使用规则 8 以归约 (ExtDef)
    error   [使用规则 8 以归约 (ExtDef)]
    STRUCT  使用规则 8 以归约 (ExtDef)
    TYPE    使用规则 8 以归约 (ExtDef)

    CompSt  转到状态 32


状态 19

   25 VarDec: ID .
   29 FunDec: ID . LP VarList RP
   30       | ID . LP RP
   31       | ID . LP error RP
   32       | ID . LP VarList error

    LP  偏移，并进入状态 25

    $default  使用规则 25 以归约 (VarDec)


状态 20

    5 ExtDef: Specifier SEMI .

    $default  使用规则 5 以归约 (ExtDef)


状态 21

    4 ExtDef: Specifier ExtDecList . SEMI
    7       | Specifier ExtDecList . error

    error  偏移，并进入状态 33
    SEMI   偏移，并进入状态 34


状态 22

   12 ExtDecList: VarDec .
   13           | VarDec . COMMA ExtDecList
   15           | VarDec . COMMA error
   26 VarDec: VarDec . LB INT RB
   27       | VarDec . LB error RB
   28       | VarDec . LB INT error

    COMMA  偏移，并进入状态 35
    LB     偏移，并进入状态 36

    $default  使用规则 12 以归约 (ExtDecList)


状态 23

    6 ExtDef: Specifier FunDec . CompSt
   11       | Specifier FunDec . error

    error  偏移，并进入状态 37
    LC     偏移，并进入状态 27

    CompSt  转到状态 38


状态 24

   33 FunDec: error RP .

    $default  使用规则 33 以归约 (FunDec)


状态 25

   29 FunDec: ID LP . VarList RP
   30       | ID LP . RP
   31       | ID LP . error RP
   32       | ID LP . VarList error

    error   偏移，并进入状态 39
    RP      偏移，并进入状态 40
    STRUCT  偏移，并进入状态 2
    TYPE    偏移，并进入状态 3

    Specifier        转到状态 41
    StructSpecifier  转到状态 8
    VarList          转到状态 42
    ParamDec         转到状态 43


状态 26

   39 CompSt: error . RC

    RC  偏移，并进入状态 44


状态 27

   38 CompSt: LC . DefList StmtList RC

    error   偏移，并进入状态 45
    STRUCT  偏移，并进入状态 2
    TYPE    偏移，并进入状态 3

    error   [使用规则 55 以归约 (DefList)]
    INT     使用规则 55 以归约 (DefList)
    FLOAT   使用规则 55 以归约 (DefList)
    ID      使用规则 55 以归约 (DefList)
    MINUS   使用规则 55 以归约 (DefList)
    NOT     使用规则 55 以归约 (DefList)
    LP      使用规则 55 以归约 (DefList)
    LC      使用规则 55 以归约 (DefList)
    RC      使用规则 55 以归约 (DefList)
    RETURN  使用规则 55 以归约 (DefList)
    IF      使用规则 55 以归约 (DefList)
    WHILE   使用规则 55 以归约 (DefList)

    Specifier        转到状态 46
    StructSpecifier  转到状态 8
    DefList          转到状态 47
    Def              转到状态 48


状态 28

    9 ExtDef: error FunDec CompSt .

    $default  使用规则 9 以归约 (ExtDef)


状态 29

   21 StructSpecifier: STRUCT error RC .

    $default  使用规则 21 以归约 (StructSpecifier)


状态 30

   18 StructSpecifier: STRUCT OptTag LC . DefList RC
   20                | STRUCT OptTag LC . error RC

    error   偏移，并进入状态 49
    STRUCT  偏移，并进入状态 2
    TYPE    偏移，并进入状态 3

    RC  使用规则 55 以归约 (DefList)

    Specifier        转到状态 46
    StructSpecifier  转到状态 8
    DefList          转到状态 50
    Def              转到状态 48


状态 31

   14 ExtDecList: error COMMA . ExtDecList

    error  偏移，并进入状态 51
    ID     偏移，并进入状态 52

    ExtDecList  转到状态 53
    VarDec      转到状态 22


状态 32

   10 ExtDef: Specifier error CompSt .

    $default  使用规则 10 以归约 (ExtDef)


状态 33

    7 ExtDef: Specifier ExtDecList error .

    $default  使用规则 7 以归约 (ExtDef)


状态 34

    4 ExtDef: Specifier ExtDecList SEMI .

    $default  使用规则 4 以归约 (ExtDef)


状态 35

   13 ExtDecList: VarDec COMMA . ExtDecList
   15           | VarDec COMMA . error

    error  偏移，并进入状态 54
    ID     偏移，并进入状态 52

    ExtDecList  转到状态 55
    VarDec      转到状态 22


状态 36

   26 VarDec: VarDec LB . INT RB
   27       | VarDec LB . error RB
   28       | VarDec LB . INT error

    error  偏移，并进入状态 56
    INT    偏移，并进入状态 57


状态 37

   11 ExtDef: Specifier FunDec error .
   39 CompSt: error . RC

    RC  偏移，并进入状态 44

    $default  使用规则 11 以归约 (ExtDef)


状态 38

    6 ExtDef: Specifier FunDec CompSt .

    $default  使用规则 6 以归约 (ExtDef)


状态 39

   31 FunDec: ID LP error . RP
   36 VarList: error . COMMA VarList

    COMMA  偏移，并进入状态 58
    RP     偏移，并进入状态 59


状态 40

   30 FunDec: ID LP RP .

    $default  使用规则 30 以归约 (FunDec)


状态 41

   37 ParamDec: Specifier . VarDec

    ID  偏移，并进入状态 52

    VarDec  转到状态 60


状态 42

   29 FunDec: ID LP VarList . RP
   32       | ID LP VarList . error

    error  偏移，并进入状态 61
    RP     偏移，并进入状态 62


状态 43

   34 VarList: ParamDec . COMMA VarList
   35        | ParamDec .

    COMMA  偏移，并进入状态 63

    $default  使用规则 35 以归约 (VarList)


状态 44

   39 CompSt: error RC .

    $default  使用规则 39 以归约 (CompSt)


状态 45

   58 Def: error . DecList SEMI

    ID  偏移，并进入状态 52

    VarDec   转到状态 64
    DecList  转到状态 65
    Dec      转到状态 66


状态 46

   56 Def: Specifier . DecList SEMI
   57    | Specifier . error SEMI

    error  偏移，并进入状态 67
    ID     偏移，并进入状态 52

    VarDec   转到状态 64
    DecList  转到状态 68
    Dec      转到状态 66


状态 47

   38 CompSt: LC DefList . StmtList RC

    error   偏移，并进入状态 69
    INT     偏移，并进入状态 70
    FLOAT   偏移，并进入状态 71
    ID      偏移，并进入状态 72
    MINUS   偏移，并进入状态 73
    NOT     偏移，并进入状态 74
    LP      偏移，并进入状态 75
    LC      偏移，并进入状态 27
    RETURN  偏移，并进入状态 76
    IF      偏移，并进入状态 77
    WHILE   偏移，并进入状态 78

    RC  使用规则 41 以归约 (StmtList)

    CompSt    转到状态 79
    StmtList  转到状态 80
    Stmt      转到状态 81
    Exp       转到状态 82


状态 48

   54 DefList: Def . DefList

    error   偏移，并进入状态 45
    STRUCT  偏移，并进入状态 2
    TYPE    偏移，并进入状态 3

    error   [使用规则 55 以归约 (DefList)]
    INT     使用规则 55 以归约 (DefList)
    FLOAT   使用规则 55 以归约 (DefList)
    ID      使用规则 55 以归约 (DefList)
    MINUS   使用规则 55 以归约 (DefList)
    NOT     使用规则 55 以归约 (DefList)
    LP      使用规则 55 以归约 (DefList)
    LC      使用规则 55 以归约 (DefList)
    RC      使用规则 55 以归约 (DefList)
    RETURN  使用规则 55 以归约 (DefList)
    IF      使用规则 55 以归约 (DefList)
    WHILE   使用规则 55 以归约 (DefList)

    Specifier        转到状态 46
    StructSpecifier  转到状态 8
    DefList          转到状态 83
    Def              转到状态 48


状态 49

   20 StructSpecifier: STRUCT OptTag LC error . RC
   58 Def: error . DecList SEMI

    ID  偏移，并进入状态 52
    RC  偏移，并进入状态 84

    VarDec   转到状态 64
    DecList  转到状态 65
    Dec      转到状态 66


状态 50

   18 StructSpecifier: STRUCT OptTag LC DefList . RC

    RC  偏移，并进入状态 85


状态 51

   14 ExtDecList: error . COMMA ExtDecList

    COMMA  偏移，并进入状态 31


状态 52

   25 VarDec: ID .

    $default  使用规则 25 以归约 (VarDec)


状态 53

   14 ExtDecList: error COMMA ExtDecList .

    $default  使用规则 14 以归约 (ExtDecList)


状态 54

   14 ExtDecList: error . COMMA ExtDecList
   15           | VarDec COMMA error .

    COMMA  偏移，并进入状态 31

    $default  使用规则 15 以归约 (ExtDecList)


状态 55

   13 ExtDecList: VarDec COMMA ExtDecList .

    $default  使用规则 13 以归约 (ExtDecList)


状态 56

   27 VarDec: VarDec LB error . RB

    RB  偏移，并进入状态 86


状态 57

   26 VarDec: VarDec LB INT . RB
   28       | VarDec LB INT . error

    error  偏移，并进入状态 87
    RB     偏移，并进入状态 88


状态 58

   36 VarList: error COMMA . VarList

    error   偏移，并进入状态 89
    STRUCT  偏移，并进入状态 2
    TYPE    偏移，并进入状态 3

    Specifier        转到状态 41
    StructSpecifier  转到状态 8
    VarList          转到状态 90
    ParamDec         转到状态 43


状态 59

   31 FunDec: ID LP error RP .

    $default  使用规则 31 以归约 (FunDec)


状态 60

   26 VarDec: VarDec . LB INT RB
   27       | VarDec . LB error RB
   28       | VarDec . LB INT error
   37 ParamDec: Specifier VarDec .

    LB  偏移，并进入状态 36

    $default  使用规则 37 以归约 (ParamDec)


状态 61

   32 FunDec: ID LP VarList error .

    $default  使用规则 32 以归约 (FunDec)


状态 62

   29 FunDec: ID LP VarList RP .

    $default  使用规则 29 以归约 (FunDec)


状态 63

   34 VarList: ParamDec COMMA . VarList

    error   偏移，并进入状态 89
    STRUCT  偏移，并进入状态 2
    TYPE    偏移，并进入状态 3

    Specifier        转到状态 41
    StructSpecifier  转到状态 8
    VarList          转到状态 91
    ParamDec         转到状态 43


状态 64

   26 VarDec: VarDec . LB INT RB
   27       | VarDec . LB error RB
   28       | VarDec . LB INT error
   61 Dec: VarDec .
   62    | VarDec . ASSIGNOP Exp

    ASSIGNOP  偏移，并进入状态 92
    LB        偏移，并进入状态 36

    $default  使用规则 61 以归约 (Dec)


状态 65

   58 Def: error DecList . SEMI

    SEMI  偏移，并进入状态 93


状态 66

   59 DecList: Dec .
   60        | Dec . COMMA DecList

    COMMA  偏移，并进入状态 94

    $default  使用规则 59 以归约 (DecList)


状态 67

   57 Def: Specifier error . SEMI

    SEMI  偏移，并进入状态 95


状态 68

   56 Def: Specifier DecList . SEMI

    SEMI  偏移，并进入状态 96


状态 69

   39 CompSt: error . RC
   48 Stmt: error . SEMI

    SEMI  偏移，并进入状态 97
    RC    偏移，并进入状态 44


状态 70

   79 Exp: INT .

    $default  使用规则 79 以归约 (Exp)


状态 71

   80 Exp: FLOAT .

    $default  使用规则 80 以归约 (Exp)


状态 72

   74 Exp: ID . LP Args RP
   75    | ID . LP RP
   78    | ID .
   92    | ID . LP error RP

    LP  偏移，并进入状态 98

    $default  使用规则 78 以归约 (Exp)


状态 73

   72 Exp: MINUS . Exp
   90    | MINUS . error

    error  偏移，并进入状态 99
    INT    偏移，并进入状态 70
    FLOAT  偏移，并进入状态 71
    ID     偏移，并进入状态 72
    MINUS  偏移，并进入状态 73
    NOT    偏移，并进入状态 74
    LP     偏移，并进入状态 75

    Exp  转到状态 100


状态 74

   73 Exp: NOT . Exp
   91    | NOT . error

    error  偏移，并进入状态 101
    INT    偏移，并进入状态 70
    FLOAT  偏移，并进入状态 71
    ID     偏移，并进入状态 72
    MINUS  偏移，并进入状态 73
    NOT    偏移，并进入状态 74
    LP     偏移，并进入状态 75

    Exp  转到状态 102


状态 75

   71 Exp: LP . Exp RP
   89    | LP . error RP

    error  偏移，并进入状态 103
    INT    偏移，并进入状态 70
    FLOAT  偏移，并进入状态 71
    ID     偏移，并进入状态 72
    MINUS  偏移，并进入状态 73
    NOT    偏移，并进入状态 74
    LP     偏移，并进入状态 75

    Exp  转到状态 104


状态 76

   44 Stmt: RETURN . Exp SEMI
   50     | RETURN . Exp error
   51     | RETURN . error SEMI

    error  偏移，并进入状态 105
    INT    偏移，并进入状态 70
    FLOAT  偏移，并进入状态 71
    ID     偏移，并进入状态 72
    MINUS  偏移，并进入状态 73
    NOT    偏移，并进入状态 74
    LP     偏移，并进入状态 75

    Exp  转到状态 106


状态 77

   45 Stmt: IF . LP Exp RP Stmt
   46     | IF . LP Exp RP Stmt ELSE Stmt
   52     | IF . error ELSE Stmt

    error  偏移，并进入状态 107
    LP     偏移，并进入状态 108


状态 78

   47 Stmt: WHILE . LP Exp RP Stmt
   53     | WHILE . error

    error  偏移，并进入状态 109
    LP     偏移，并进入状态 110


状态 79

   43 Stmt: CompSt .

    $default  使用规则 43 以归约 (Stmt)


状态 80

   38 CompSt: LC DefList StmtList . RC

    RC  偏移，并进入状态 111


状态 81

   40 StmtList: Stmt . StmtList

    error   偏移，并进入状态 69
    INT     偏移，并进入状态 70
    FLOAT   偏移，并进入状态 71
    ID      偏移，并进入状态 72
    MINUS   偏移，并进入状态 73
    NOT     偏移，并进入状态 74
    LP      偏移，并进入状态 75
    LC      偏移，并进入状态 27
    RETURN  偏移，并进入状态 76
    IF      偏移，并进入状态 77
    WHILE   偏移，并进入状态 78

    RC  使用规则 41 以归约 (StmtList)

    CompSt    转到状态 79
    StmtList  转到状态 112
    Stmt      转到状态 81
    Exp       转到状态 82


状态 82

   42 Stmt: Exp . SEMI
   49     | Exp . error SEMI
   63 Exp: Exp . ASSIGNOP Exp
   64    | Exp . AND Exp
   65    | Exp . OR Exp
   66    | Exp . RELOP Exp
   67    | Exp . PLUS Exp
   68    | Exp . MINUS Exp
   69    | Exp . STAR Exp
   70    | Exp . DIV Exp
   76    | Exp . LB Exp RB
   77    | Exp . DOT ID
   81    | Exp . ASSIGNOP error
   82    | Exp . AND error
   83    | Exp . OR error
   84    | Exp . RELOP error
   85    | Exp . PLUS error
   86    | Exp . MINUS error
   87    | Exp . STAR error
   88    | Exp . DIV error
   93    | Exp . LB error RB
   94    | Exp . DOT error

    error     偏移，并进入状态 113
    SEMI      偏移，并进入状态 114
    RELOP     偏移，并进入状态 115
    ASSIGNOP  偏移，并进入状态 116
    PLUS      偏移，并进入状态 117
    MINUS     偏移，并进入状态 118
    STAR      偏移，并进入状态 119
    DIV       偏移，并进入状态 120
    AND       偏移，并进入状态 121
    OR        偏移，并进入状态 122
    DOT       偏移，并进入状态 123
    LB        偏移，并进入状态 124


状态 83

   54 DefList: Def DefList .

    $default  使用规则 54 以归约 (DefList)


状态 84

   20 StructSpecifier: STRUCT OptTag LC error RC .

    $default  使用规则 20 以归约 (StructSpecifier)


状态 85

   18 StructSpecifier: STRUCT OptTag LC DefList RC .

    $default  使用规则 18 以归约 (StructSpecifier)


状态 86

   27 VarDec: VarDec LB error RB .

    $default  使用规则 27 以归约 (VarDec)


状态 87

   28 VarDec: VarDec LB INT error .

    $default  使用规则 28 以归约 (VarDec)


状态 88

   26 VarDec: VarDec LB INT RB .

    $default  使用规则 26 以归约 (VarDec)


状态 89

   36 VarList: error . COMMA VarList

    COMMA  偏移，并进入状态 58


状态 90

   36 VarList: error COMMA VarList .

    $default  使用规则 36 以归约 (VarList)


状态 91

   34 VarList: ParamDec COMMA VarList .

    $default  使用规则 34 以归约 (VarList)


状态 92

   62 Dec: VarDec ASSIGNOP . Exp

    INT    偏移，并进入状态 70
    FLOAT  偏移，并进入状态 71
    ID     偏移，并进入状态 72
    MINUS  偏移，并进入状态 73
    NOT    偏移，并进入状态 74
    LP     偏移，并进入状态 75

    Exp  转到状态 125


状态 93

   58 Def: error DecList SEMI .

    $default  使用规则 58 以归约 (Def)


状态 94

   60 DecList: Dec COMMA . DecList

    ID  偏移，并进入状态 52

    VarDec   转到状态 64
    DecList  转到状态 126
    Dec      转到状态 66


状态 95

   57 Def: Specifier error SEMI .

    $default  使用规则 57 以归约 (Def)


状态 96

   56 Def: Specifier DecList SEMI .

    $default  使用规则 56 以归约 (Def)


状态 97

   48 Stmt: error SEMI .

    $default  使用规则 48 以归约 (Stmt)


状态 98

   74 Exp: ID LP . Args RP
   75    | ID LP . RP
   92    | ID LP . error RP

    error  偏移，并进入状态 127
    INT    偏移，并进入状态 70
    FLOAT  偏移，并进入状态 71
    ID     偏移，并进入状态 72
    MINUS  偏移，并进入状态 73
    NOT    偏移，并进入状态 74
    LP     偏移，并进入状态 75
    RP     偏移，并进入状态 128

    Exp   转到状态 129
    Args  转到状态 130


状态 99

   90 Exp: MINUS error .

    $default  使用规则 90 以归约 (Exp)


状态 100

   63 Exp: Exp . ASSIGNOP Exp
   64    | Exp . AND Exp
   65    | Exp . OR Exp
   66    | Exp . RELOP Exp
   67    | Exp . PLUS Exp
   68    | Exp . MINUS Exp
   69    | Exp . STAR Exp
   70    | Exp . DIV Exp
   72    | MINUS Exp .
   76    | Exp . LB Exp RB
   77    | Exp . DOT ID
   81    | Exp . ASSIGNOP error
   82    | Exp . AND error
   83    | Exp . OR error
   84    | Exp . RELOP error
   85    | Exp . PLUS error
   86    | Exp . MINUS error
   87    | Exp . STAR error
   88    | Exp . DIV error
   93    | Exp . LB error RB
   94    | Exp . DOT error

    DOT  偏移，并进入状态 123
    LB   偏移，并进入状态 124

    $default  使用规则 72 以归约 (Exp)


状态 101

   91 Exp: NOT error .

    $default  使用规则 91 以归约 (Exp)


状态 102

   63 Exp: Exp . ASSIGNOP Exp
   64    | Exp . AND Exp
   65    | Exp . OR Exp
   66    | Exp . RELOP Exp
   67    | Exp . PLUS Exp
   68    | Exp . MINUS Exp
   69    | Exp . STAR Exp
   70    | Exp . DIV Exp
   73    | NOT Exp .
   76    | Exp . LB Exp RB
   77    | Exp . DOT ID
   81    | Exp . ASSIGNOP error
   82    | Exp . AND error
   83    | Exp . OR error
   84    | Exp . RELOP error
   85    | Exp . PLUS error
   86    | Exp . MINUS error
   87    | Exp . STAR error
   88    | Exp . DIV error
   93    | Exp . LB error RB
   94    | Exp . DOT error

    DOT  偏移，并进入状态 123
    LB   偏移，并进入状态 124

    $default  使用规则 73 以归约 (Exp)


状态 103

   89 Exp: LP error . RP

    RP  偏移，并进入状态 131


状态 104

   63 Exp: Exp . ASSIGNOP Exp
   64    | Exp . AND Exp
   65    | Exp . OR Exp
   66    | Exp . RELOP Exp
   67    | Exp . PLUS Exp
   68    | Exp . MINUS Exp
   69    | Exp . STAR Exp
   70    | Exp . DIV Exp
   71    | LP Exp . RP
   76    | Exp . LB Exp RB
   77    | Exp . DOT ID
   81    | Exp . ASSIGNOP error
   82    | Exp . AND error
   83    | Exp . OR error
   84    | Exp . RELOP error
   85    | Exp . PLUS error
   86    | Exp . MINUS error
   87    | Exp . STAR error
   88    | Exp . DIV error
   93    | Exp . LB error RB
   94    | Exp . DOT error

    RELOP     偏移，并进入状态 115
    ASSIGNOP  偏移，并进入状态 116
    PLUS      偏移，并进入状态 117
    MINUS     偏移，并进入状态 118
    STAR      偏移，并进入状态 119
    DIV       偏移，并进入状态 120
    AND       偏移，并进入状态 121
    OR        偏移，并进入状态 122
    DOT       偏移，并进入状态 123
    RP        偏移，并进入状态 132
    LB        偏移，并进入状态 124


状态 105

   51 Stmt: RETURN error . SEMI

    SEMI  偏移，并进入状态 133


状态 106

   44 Stmt: RETURN Exp . SEMI
   50     | RETURN Exp . error
   63 Exp: Exp . ASSIGNOP Exp
   64    | Exp . AND Exp
   65    | Exp . OR Exp
   66    | Exp . RELOP Exp
   67    | Exp . PLUS Exp
   68    | Exp . MINUS Exp
   69    | Exp . STAR Exp
   70    | Exp . DIV Exp
   76    | Exp . LB Exp RB
   77    | Exp . DOT ID
   81    | Exp . ASSIGNOP error
   82    | Exp . AND error
   83    | Exp . OR error
   84    | Exp . RELOP error
   85    | Exp . PLUS error
   86    | Exp . MINUS error
   87    | Exp . STAR error
   88    | Exp . DIV error
   93    | Exp . LB error RB
   94    | Exp . DOT error

    error     偏移，并进入状态 134
    SEMI      偏移，并进入状态 135
    RELOP     偏移，并进入状态 115
    ASSIGNOP  偏移，并进入状态 116
    PLUS      偏移，并进入状态 117
    MINUS     偏移，并进入状态 118
    STAR      偏移，并进入状态 119
    DIV       偏移，并进入状态 120
    AND       偏移，并进入状态 121
    OR        偏移，并进入状态 122
    DOT       偏移，并进入状态 123
    LB        偏移，并进入状态 124


状态 107

   52 Stmt: IF error . ELSE Stmt

    ELSE  偏移，并进入状态 136


状态 108

   45 Stmt: IF LP . Exp RP Stmt
   46     | IF LP . Exp RP Stmt ELSE Stmt

    INT    偏移，并进入状态 70
    FLOAT  偏移，并进入状态 71
    ID     偏移，并进入状态 72
    MINUS  偏移，并进入状态 73
    NOT    偏移，并进入状态 74
    LP     偏移，并进入状态 75

    Exp  转到状态 137


状态 109

   53 Stmt: WHILE error .

    $default  使用规则 53 以归约 (Stmt)


状态 110

   47 Stmt: WHILE LP . Exp RP Stmt

    INT    偏移，并进入状态 70
    FLOAT  偏移，并进入状态 71
    ID     偏移，并进入状态 72
    MINUS  偏移，并进入状态 73
    NOT    偏移，并进入状态 74
    LP     偏移，并进入状态 75

    Exp  转到状态 138


状态 111

   38 CompSt: LC DefList StmtList RC .

    $default  使用规则 38 以归约 (CompSt)


状态 112

   40 StmtList: Stmt StmtList .

    $default  使用规则 40 以归约 (StmtList)


状态 113

   49 Stmt: Exp error . SEMI

    SEMI  偏移，并进入状态 139


状态 114

   42 Stmt: Exp SEMI .

    $default  使用规则 42 以归约 (Stmt)


状态 115

   66 Exp: Exp RELOP . Exp
   84    | Exp RELOP . error

    error  偏移，并进入状态 140
    INT    偏移，并进入状态 70
    FLOAT  偏移，并进入状态 71
    ID     偏移，并进入状态 72
    MINUS  偏移，并进入状态 73
    NOT    偏移，并进入状态 74
    LP     偏移，并进入状态 75

    Exp  转到状态 141


状态 116

   63 Exp: Exp ASSIGNOP . Exp
   81    | Exp ASSIGNOP . error

    error  偏移，并进入状态 142
    INT    偏移，并进入状态 70
    FLOAT  偏移，并进入状态 71
    ID     偏移，并进入状态 72
    MINUS  偏移，并进入状态 73
    NOT    偏移，并进入状态 74
    LP     偏移，并进入状态 75

    Exp  转到状态 143


状态 117

   67 Exp: Exp PLUS . Exp
   85    | Exp PLUS . error

    error  偏移，并进入状态 144
    INT    偏移，并进入状态 70
    FLOAT  偏移，并进入状态 71
    ID     偏移，并进入状态 72
    MINUS  偏移，并进入状态 73
    NOT    偏移，并进入状态 74
    LP     偏移，并进入状态 75

    Exp  转到状态 145


状态 118

   68 Exp: Exp MINUS . Exp
   86    | Exp MINUS . error

    error  偏移，并进入状态 146
    INT    偏移，并进入状态 70
    FLOAT  偏移，并进入状态 71
    ID     偏移，并进入状态 72
    MINUS  偏移，并进入状态 73
    NOT    偏移，并进入状态 74
    LP     偏移，并进入状态 75

    Exp  转到状态 147


状态 119

   69 Exp: Exp STAR . Exp
   87    | Exp STAR . error

    error  偏移，并进入状态 148
    INT    偏移，并进入状态 70
    FLOAT  偏移，并进入状态 71
    ID     偏移，并进入状态 72
    MINUS  偏移，并进入状态 73
    NOT    偏移，并进入状态 74
    LP     偏移，并进入状态 75

    Exp  转到状态 149


状态 120

   70 Exp: Exp DIV . Exp
   88    | Exp DIV . error

    error  偏移，并进入状态 150
    INT    偏移，并进入状态 70
    FLOAT  偏移，并进入状态 71
    ID     偏移，并进入状态 72
    MINUS  偏移，并进入状态 73
    NOT    偏移，并进入状态 74
    LP     偏移，并进入状态 75

    Exp  转到状态 151


状态 121

   64 Exp: Exp AND . Exp
   82    | Exp AND . error

    error  偏移，并进入状态 152
    INT    偏移，并进入状态 70
    FLOAT  偏移，并进入状态 71
    ID     偏移，并进入状态 72
    MINUS  偏移，并进入状态 73
    NOT    偏移，并进入状态 74
    LP     偏移，并进入状态 75

    Exp  转到状态 153


状态 122

   65 Exp: Exp OR . Exp
   83    | Exp OR . error

    error  偏移，并进入状态 154
    INT    偏移，并进入状态 70
    FLOAT  偏移，并进入状态 71
    ID     偏移，并进入状态 72
    MINUS  偏移，并进入状态 73
    NOT    偏移，并进入状态 74
    LP     偏移，并进入状态 75

    Exp  转到状态 155


状态 123

   77 Exp: Exp DOT . ID
   94    | Exp DOT . error

    error  偏移，并进入状态 156
    ID     偏移，并进入状态 157


状态 124

   76 Exp: Exp LB . Exp RB
   93    | Exp LB . error RB

    error  偏移，并进入状态 158
    INT    偏移，并进入状态 70
    FLOAT  偏移，并进入状态 71
    ID     偏移，并进入状态 72
    MINUS  偏移，并进入状态 73
    NOT    偏移，并进入状态 74
    LP     偏移，并进入状态 75

    Exp  转到状态 159


状态 125

   62 Dec: VarDec ASSIGNOP Exp .
   63 Exp: Exp . ASSIGNOP Exp
   64    | Exp . AND Exp
   65    | Exp . OR Exp
   66    | Exp . RELOP Exp
   67    | Exp . PLUS Exp
   68    | Exp . MINUS Exp
   69    | Exp . STAR Exp
   70    | Exp . DIV Exp
   76    | Exp . LB Exp RB
   77    | Exp . DOT ID
   81    | Exp . ASSIGNOP error
   82    | Exp . AND error
   83    | Exp . OR error
   84    | Exp . RELOP error
   85    | Exp . PLUS error
   86    | Exp . MINUS error
   87    | Exp . STAR error
   88    | Exp . DIV error
   93    | Exp . LB error RB
   94    | Exp . DOT error

    RELOP     偏移，并进入状态 115
    ASSIGNOP  偏移，并进入状态 116
    PLUS      偏移，并进入状态 117
    MINUS     偏移，并进入状态 118
    STAR      偏移，并进入状态 119
    DIV       偏移，并进入状态 120
    AND       偏移，并进入状态 121
    OR        偏移，并进入状态 122
    DOT       偏移，并进入状态 123
    LB        偏移，并进入状态 124

    $default  使用规则 62 以归约 (Dec)


状态 126

   60 DecList: Dec COMMA DecList .

    $default  使用规则 60 以归约 (DecList)


状态 127

   92 Exp: ID LP error . RP
   97 Args: error . COMMA Args

    COMMA  偏移，并进入状态 160
    RP     偏移，并进入状态 161


状态 128

   75 Exp: ID LP RP .

    $default  使用规则 75 以归约 (Exp)


状态 129

   63 Exp: Exp . ASSIGNOP Exp
   64    | Exp . AND Exp
   65    | Exp . OR Exp
   66    | Exp . RELOP Exp
   67    | Exp . PLUS Exp
   68    | Exp . MINUS Exp
   69    | Exp . STAR Exp
   70    | Exp . DIV Exp
   76    | Exp . LB Exp RB
   77    | Exp . DOT ID
   81    | Exp . ASSIGNOP error
   82    | Exp . AND error
   83    | Exp . OR error
   84    | Exp . RELOP error
   85    | Exp . PLUS error
   86    | Exp . MINUS error
   87    | Exp . STAR error
   88    | Exp . DIV error
   93    | Exp . LB error RB
   94    | Exp . DOT error
   95 Args: Exp . COMMA Args
   96     | Exp .

    COMMA     偏移，并进入状态 162
    RELOP     偏移，并进入状态 115
    ASSIGNOP  偏移，并进入状态 116
    PLUS      偏移，并进入状态 117
    MINUS     偏移，并进入状态 118
    STAR      偏移，并进入状态 119
    DIV       偏移，并进入状态 120
    AND       偏移，并进入状态 121
    OR        偏移，并进入状态 122
    DOT       偏移，并进入状态 123
    LB        偏移，并进入状态 124

    $default  使用规则 96 以归约 (Args)


状态 130

   74 Exp: ID LP Args . RP

    RP  偏移，并进入状态 163


状态 131

   89 Exp: LP error RP .

    $default  使用规则 89 以归约 (Exp)


状态 132

   71 Exp: LP Exp RP .

    $default  使用规则 71 以归约 (Exp)


状态 133

   51 Stmt: RETURN error SEMI .

    $default  使用规则 51 以归约 (Stmt)


状态 134

   50 Stmt: RETURN Exp error .

    $default  使用规则 50 以归约 (Stmt)


状态 135

   44 Stmt: RETURN Exp SEMI .

    $default  使用规则 44 以归约 (Stmt)


状态 136

   52 Stmt: IF error ELSE . Stmt

    error   偏移，并进入状态 69
    INT     偏移，并进入状态 70
    FLOAT   偏移，并进入状态 71
    ID      偏移，并进入状态 72
    MINUS   偏移，并进入状态 73
    NOT     偏移，并进入状态 74
    LP      偏移，并进入状态 75
    LC      偏移，并进入状态 27
    RETURN  偏移，并进入状态 76
    IF      偏移，并进入状态 77
    WHILE   偏移，并进入状态 78

    CompSt  转到状态 79
    Stmt    转到状态 164
    Exp     转到状态 82


状态 137

   45 Stmt: IF LP Exp . RP Stmt
   46     | IF LP Exp . RP Stmt ELSE Stmt
   63 Exp: Exp . ASSIGNOP Exp
   64    | Exp . AND Exp
   65    | Exp . OR Exp
   66    | Exp . RELOP Exp
   67    | Exp . PLUS Exp
   68    | Exp . MINUS Exp
   69    | Exp . STAR Exp
   70    | Exp . DIV Exp
   76    | Exp . LB Exp RB
   77    | Exp . DOT ID
   81    | Exp . ASSIGNOP error
   82    | Exp . AND error
   83    | Exp . OR error
   84    | Exp . RELOP error
   85    | Exp . PLUS error
   86    | Exp . MINUS error
   87    | Exp . STAR error
   88    | Exp . DIV error
   93    | Exp . LB error RB
   94    | Exp . DOT error

    RELOP     偏移，并进入状态 115
    ASSIGNOP  偏移，并进入状态 116
    PLUS      偏移，并进入状态 117
    MINUS     偏移，并进入状态 118
    STAR      偏移，并进入状态 119
    DIV       偏移，并进入状态 120
    AND       偏移，并进入状态 121
    OR        偏移，并进入状态 122
    DOT       偏移，并进入状态 123
    RP        偏移，并进入状态 165
    LB        偏移，并进入状态 124


状态 138

   47 Stmt: WHILE LP Exp . RP Stmt
   63 Exp: Exp . ASSIGNOP Exp
   64    | Exp . AND Exp
   65    | Exp . OR Exp
   66    | Exp . RELOP Exp
   67    | Exp . PLUS Exp
   68    | Exp . MINUS Exp
   69    | Exp . STAR Exp
   70    | Exp . DIV Exp
   76    | Exp . LB Exp RB
   77    | Exp . DOT ID
   81    | Exp . ASSIGNOP error
   82    | Exp . AND error
   83    | Exp . OR error
   84    | Exp . RELOP error
   85    | Exp . PLUS error
   86    | Exp . MINUS error
   87    | Exp . STAR error
   88    | Exp . DIV error
   93    | Exp . LB error RB
   94    | Exp . DOT error

    RELOP     偏移，并进入状态 115
    ASSIGNOP  偏移，并进入状态 116
    PLUS      偏移，并进入状态 117
    MINUS     偏移，并进入状态 118
    STAR      偏移，并进入状态 119
    DIV       偏移，并进入状态 120
    AND       偏移，并进入状态 121
    OR        偏移，并进入状态 122
    DOT       偏移，并进入状态 123
    RP        偏移，并进入状态 166
    LB        偏移，并进入状态 124


状态 139

   49 Stmt: Exp error SEMI .

    $default  使用规则 49 以归约 (Stmt)


状态 140

   84 Exp: Exp RELOP error .

    $default  使用规则 84 以归约 (Exp)


状态 141

   63 Exp: Exp . ASSIGNOP Exp
   64    | Exp . AND Exp
   65    | Exp . OR Exp
   66    | Exp . RELOP Exp
   66    | Exp RELOP Exp .
   67    | Exp . PLUS Exp
   68    | Exp . MINUS Exp
   69    | Exp . STAR Exp
   70    | Exp . DIV Exp
   76    | Exp . LB Exp RB
   77    | Exp . DOT ID
   81    | Exp . ASSIGNOP error
   82    | Exp . AND error
   83    | Exp . OR error
   84    | Exp . RELOP error
   85    | Exp . PLUS error
   86    | Exp . MINUS error
   87    | Exp . STAR error
   88    | Exp . DIV error
   93    | Exp . LB error RB
   94    | Exp . DOT error

    PLUS   偏移，并进入状态 117
    MINUS  偏移，并进入状态 118
    STAR   偏移，并进入状态 119
    DIV    偏移，并进入状态 120
    DOT    偏移，并进入状态 123
    LB     偏移，并进入状态 124

    $default  使用规则 66 以归约 (Exp)


状态 142

   81 Exp: Exp ASSIGNOP error .

    $default  使用规则 81 以归约 (Exp)


状态 143

   63 Exp: Exp . ASSIGNOP Exp
   63    | Exp ASSIGNOP Exp .
   64    | Exp . AND Exp
   65    | Exp . OR Exp
   66    | Exp . RELOP Exp
   67    | Exp . PLUS Exp
   68    | Exp . MINUS Exp
   69    | Exp . STAR Exp
   70    | Exp . DIV Exp
   76    | Exp . LB Exp RB
   77    | Exp . DOT ID
   81    | Exp . ASSIGNOP error
   82    | Exp . AND error
   83    | Exp . OR error
   84    | Exp . RELOP error
   85    | Exp . PLUS error
   86    | Exp . MINUS error
   87    | Exp . STAR error
   88    | Exp . DIV error
   93    | Exp . LB error RB
   94    | Exp . DOT error

    RELOP     偏移，并进入状态 115
    ASSIGNOP  偏移，并进入状态 116
    PLUS      偏移，并进入状态 117
    MINUS     偏移，并进入状态 118
    STAR      偏移，并进入状态 119
    DIV       偏移，并进入状态 120
    AND       偏移，并进入状态 121
    OR        偏移，并进入状态 122
    DOT       偏移，并进入状态 123
    LB        偏移，并进入状态 124

    $default  使用规则 63 以归约 (Exp)


状态 144

   85 Exp: Exp PLUS error .

    $default  使用规则 85 以归约 (Exp)


状态 145

   63 Exp: Exp . ASSIGNOP Exp
   64    | Exp . AND Exp
   65    | Exp . OR Exp
   66    | Exp . RELOP Exp
   67    | Exp . PLUS Exp
   67    | Exp PLUS Exp .
   68    | Exp . MINUS Exp
   69    | Exp . STAR Exp
   70    | Exp . DIV Exp
   76    | Exp . LB Exp RB
   77    | Exp . DOT ID
   81    | Exp . ASSIGNOP error
   82    | Exp . AND error
   83    | Exp . OR error
   84    | Exp . RELOP error
   85    | Exp . PLUS error
   86    | Exp . MINUS error
   87    | Exp . STAR error
   88    | Exp . DIV error
   93    | Exp . LB error RB
   94    | Exp . DOT error

    STAR  偏移，并进入状态 119
    DIV   偏移，并进入状态 120
    DOT   偏移，并进入状态 123
    LB    偏移，并进入状态 124

    $default  使用规则 67 以归约 (Exp)


状态 146

   86 Exp: Exp MINUS error .

    $default  使用规则 86 以归约 (Exp)


状态 147

   63 Exp: Exp . ASSIGNOP Exp
   64    | Exp . AND Exp
   65    | Exp . OR Exp
   66    | Exp . RELOP Exp
   67    | Exp . PLUS Exp
   68    | Exp . MINUS Exp
   68    | Exp MINUS Exp .
   69    | Exp . STAR Exp
   70    | Exp . DIV Exp
   76    | Exp . LB Exp RB
   77    | Exp . DOT ID
   81    | Exp . ASSIGNOP error
   82    | Exp . AND error
   83    | Exp . OR error
   84    | Exp . RELOP error
   85    | Exp . PLUS error
   86    | Exp . MINUS error
   87    | Exp . STAR error
   88    | Exp . DIV error
   93    | Exp . LB error RB
   94    | Exp . DOT error

    STAR  偏移，并进入状态 119
    DIV   偏移，并进入状态 120
    DOT   偏移，并进入状态 123
    LB    偏移，并进入状态 124

    $default  使用规则 68 以归约 (Exp)


状态 148

   87 Exp: Exp STAR error .

    $default  使用规则 87 以归约 (Exp)


状态 149

   63 Exp: Exp . ASSIGNOP Exp
   64    | Exp . AND Exp
   65    | Exp . OR Exp
   66    | Exp . RELOP Exp
   67    | Exp . PLUS Exp
   68    | Exp . MINUS Exp
   69    | Exp . STAR Exp
   69    | Exp STAR Exp .
   70    | Exp . DIV Exp
   76    | Exp . LB Exp RB
   77    | Exp . DOT ID
   81    | Exp . ASSIGNOP error
   82    | Exp . AND error
   83    | Exp . OR error
   84    | Exp . RELOP error
   85    | Exp . PLUS error
   86    | Exp . MINUS error
   87    | Exp . STAR error
   88    | Exp . DIV error
   93    | Exp . LB error RB
   94    | Exp . DOT error

    DOT  偏移，并进入状态 123
    LB   偏移，并进入状态 124

    $default  使用规则 69 以归约 (Exp)


状态 150

   88 Exp: Exp DIV error .

    $default  使用规则 88 以归约 (Exp)


状态 151

   63 Exp: Exp . ASSIGNOP Exp
   64    | Exp . AND Exp
   65    | Exp . OR Exp
   66    | Exp . RELOP Exp
   67    | Exp . PLUS Exp
   68    | Exp . MINUS Exp
   69    | Exp . STAR Exp
   70    | Exp . DIV Exp
   70    | Exp DIV Exp .
   76    | Exp . LB Exp RB
   77    | Exp . DOT ID
   81    | Exp . ASSIGNOP error
   82    | Exp . AND error
   83    | Exp . OR error
   84    | Exp . RELOP error
   85    | Exp . PLUS error
   86    | Exp . MINUS error
   87    | Exp . STAR error
   88    | Exp . DIV error
   93    | Exp . LB error RB
   94    | Exp . DOT error

    DOT  偏移，并进入状态 123
    LB   偏移，并进入状态 124

    $default  使用规则 70 以归约 (Exp)


状态 152

   82 Exp: Exp AND error .

    $default  使用规则 82 以归约 (Exp)


状态 153

   63 Exp: Exp . ASSIGNOP Exp
   64    | Exp . AND Exp
   64    | Exp AND Exp .
   65    | Exp . OR Exp
   66    | Exp . RELOP Exp
   67    | Exp . PLUS Exp
   68    | Exp . MINUS Exp
   69    | Exp . STAR Exp
   70    | Exp . DIV Exp
   76    | Exp . LB Exp RB
   77    | Exp . DOT ID
   81    | Exp . ASSIGNOP error
   82    | Exp . AND error
   83    | Exp . OR error
   84    | Exp . RELOP error
   85    | Exp . PLUS error
   86    | Exp . MINUS error
   87    | Exp . STAR error
   88    | Exp . DIV error
   93    | Exp . LB error RB
   94    | Exp . DOT error

    RELOP  偏移，并进入状态 115
    PLUS   偏移，并进入状态 117
    MINUS  偏移，并进入状态 118
    STAR   偏移，并进入状态 119
    DIV    偏移，并进入状态 120
    DOT    偏移，并进入状态 123
    LB     偏移，并进入状态 124

    $default  使用规则 64 以归约 (Exp)


状态 154

   83 Exp: Exp OR error .

    $default  使用规则 83 以归约 (Exp)


状态 155

   63 Exp: Exp . ASSIGNOP Exp
   64    | Exp . AND Exp
   65    | Exp . OR Exp
   65    | Exp OR Exp .
   66    | Exp . RELOP Exp
   67    | Exp . PLUS Exp
   68    | Exp . MINUS Exp
   69    | Exp . STAR Exp
   70    | Exp . DIV Exp
   76    | Exp . LB Exp RB
   77    | Exp . DOT ID
   81    | Exp . ASSIGNOP error
   82    | Exp . AND error
   83    | Exp . OR error
   84    | Exp . RELOP error
   85    | Exp . PLUS error
   86    | Exp . MINUS error
   87    | Exp . STAR error
   88    | Exp . DIV error
   93    | Exp . LB error RB
   94    | Exp . DOT error

    RELOP  偏移，并进入状态 115
    PLUS   偏移，并进入状态 117
    MINUS  偏移，并进入状态 118
    STAR   偏移，并进入状态 119
    DIV    偏移，并进入状态 120
    AND    偏移，并进入状态 121
    DOT    偏移，并进入状态 123
    LB     偏移，并进入状态 124

    $default  使用规则 65 以归约 (Exp)


状态 156

   94 Exp: Exp DOT error .

    $default  使用规则 94 以归约 (Exp)


状态 157

   77 Exp: Exp DOT ID .

    $default  使用规则 77 以归约 (Exp)


状态 158

   93 Exp: Exp LB error . RB

    RB  偏移，并进入状态 167


状态 159

   63 Exp: Exp . ASSIGNOP Exp
   64    | Exp . AND Exp
   65    | Exp . OR Exp
   66    | Exp . RELOP Exp
   67    | Exp . PLUS Exp
   68    | Exp . MINUS Exp
   69    | Exp . STAR Exp
   70    | Exp . DIV Exp
   76    | Exp . LB Exp RB
   76    | Exp LB Exp . RB
   77    | Exp . DOT ID
   81    | Exp . ASSIGNOP error
   82    | Exp . AND error
   83    | Exp . OR error
   84    | Exp . RELOP error
   85    | Exp . PLUS error
   86    | Exp . MINUS error
   87    | Exp . STAR error
   88    | Exp . DIV error
   93    | Exp . LB error RB
   94    | Exp . DOT error

    RELOP     偏移，并进入状态 115
    ASSIGNOP  偏移，并进入状态 116
    PLUS      偏移，并进入状态 117
    MINUS     偏移，并进入状态 118
    STAR      偏移，并进入状态 119
    DIV       偏移，并进入状态 120
    AND       偏移，并进入状态 121
    OR        偏移，并进入状态 122
    DOT       偏移，并进入状态 123
    LB        偏移，并进入状态 124
    RB        偏移，并进入状态 168


状态 160

   97 Args: error COMMA . Args

    error  偏移，并进入状态 169
    INT    偏移，并进入状态 70
    FLOAT  偏移，并进入状态 71
    ID     偏移，并进入状态 72
    MINUS  偏移，并进入状态 73
    NOT    偏移，并进入状态 74
    LP     偏移，并进入状态 75

    Exp   转到状态 129
    Args  转到状态 170


状态 161

   92 Exp: ID LP error RP .

    $default  使用规则 92 以归约 (Exp)


状态 162

   95 Args: Exp COMMA . Args

    error  偏移，并进入状态 169
    INT    偏移，并进入状态 70
    FLOAT  偏移，并进入状态 71
    ID     偏移，并进入状态 72
    MINUS  偏移，并进入状态 73
    NOT    偏移，并进入状态 74
    LP     偏移，并进入状态 75

    Exp   转到状态 129
    Args  转到状态 171


状态 163

   74 Exp: ID LP Args RP .

    $default  使用规则 74 以归约 (Exp)


状态 164

   52 Stmt: IF error ELSE Stmt .

    $default  使用规则 52 以归约 (Stmt)


状态 165

   45 Stmt: IF LP Exp RP . Stmt
   46     | IF LP Exp RP . Stmt ELSE Stmt

    error   偏移，并进入状态 69
    INT     偏移，并进入状态 70
    FLOAT   偏移，并进入状态 71
    ID      偏移，并进入状态 72
    MINUS   偏移，并进入状态 73
    NOT     偏移，并进入状态 74
    LP      偏移，并进入状态 75
    LC      偏移，并进入状态 27
    RETURN  偏移，并进入状态 76
    IF      偏移，并进入状态 77
    WHILE   偏移，并进入状态 78

    CompSt  转到状态 79
    Stmt    转到状态 172
    Exp     转到状态 82


状态 166

   47 Stmt: WHILE LP Exp RP . Stmt

    error   偏移，并进入状态 69
    INT     偏移，并进入状态 70
    FLOAT   偏移，并进入状态 71
    ID      偏移，并进入状态 72
    MINUS   偏移，并进入状态 73
    NOT     偏移，并进入状态 74
    LP      偏移，并进入状态 75
    LC      偏移，并进入状态 27
    RETURN  偏移，并进入状态 76
    IF      偏移，并进入状态 77
    WHILE   偏移，并进入状态 78

    CompSt  转到状态 79
    Stmt    转到状态 173
    Exp     转到状态 82


状态 167

   93 Exp: Exp LB error RB .

    $default  使用规则 93 以归约 (Exp)


状态 168

   76 Exp: Exp LB Exp RB .

    $default  使用规则 76 以归约 (Exp)


状态 169

   97 Args: error . COMMA Args

    COMMA  偏移，并进入状态 160


状态 170

   97 Args: error COMMA Args .

    $default  使用规则 97 以归约 (Args)


状态 171

   95 Args: Exp COMMA Args .

    $default  使用规则 95 以归约 (Args)


状态 172

   45 Stmt: IF LP Exp RP Stmt .
   46     | IF LP Exp RP Stmt . ELSE Stmt

    ELSE  偏移，并进入状态 174

    $default  使用规则 45 以归约 (Stmt)


状态 173

   47 Stmt: WHILE LP Exp RP Stmt .

    $default  使用规则 47 以归约 (Stmt)


状态 174

   46 Stmt: IF LP Exp RP Stmt ELSE . Stmt

    error   偏移，并进入状态 69
    INT     偏移，并进入状态 70
    FLOAT   偏移，并进入状态 71
    ID      偏移，并进入状态 72
    MINUS   偏移，并进入状态 73
    NOT     偏移，并进入状态 74
    LP      偏移，并进入状态 75
    LC      偏移，并进入状态 27
    RETURN  偏移，并进入状态 76
    IF      偏移，并进入状态 77
    WHILE   偏移，并进入状态 78

    CompSt  转到状态 79
    Stmt    转到状态 175
    Exp     转到状态 82


状态 175

   46 Stmt: IF LP Exp RP Stmt ELSE Stmt .

    $default  使用规则 46 以归约 (Stmt)
